Analysis & Synthesis report for simple_cpu
Wed Dec 29 12:41:34 2021
Quartus II Version 9.0 Build 184 04/29/2009 Service Pack 1 SJ Web Edition


---------------------
; Table of Contents ;
---------------------
  1. Legal Notice
  2. Analysis & Synthesis Summary
  3. Analysis & Synthesis Settings
  4. Analysis & Synthesis Source Files Read
  5. Analysis & Synthesis Resource Usage Summary
  6. Analysis & Synthesis Resource Utilization by Entity
  7. Analysis & Synthesis RAM Summary
  8. General Register Statistics
  9. Inverted Register Statistics
 10. Multiplexer Restructuring Statistics (Restructuring Performed)
 11. Source assignments for LPM_RAM_IO:inst2|altram:sram|altsyncram:ram_block|altsyncram_jf91:auto_generated
 12. Parameter Settings for User Entity Instance: LPM_RAM_IO:inst2
 13. Analysis & Synthesis Messages



----------------
; Legal Notice ;
----------------
Copyright (C) 1991-2009 Altera Corporation
Your use of Altera Corporation's design tools, logic functions 
and other software and tools, and its AMPP partner logic 
functions, and any output files from any of the foregoing 
(including device programming or simulation files), and any 
associated documentation or information are expressly subject 
to the terms and conditions of the Altera Program License 
Subscription Agreement, Altera MegaCore Function License 
Agreement, or other applicable license agreement, including, 
without limitation, that your use is for the sole purpose of 
programming logic devices manufactured by Altera and sold by 
Altera or its authorized distributors.  Please refer to the 
applicable agreement for further details.



+-----------------------------------------------------------------------------------+
; Analysis & Synthesis Summary                                                      ;
+------------------------------------+----------------------------------------------+
; Analysis & Synthesis Status        ; Successful - Wed Dec 29 12:41:34 2021        ;
; Quartus II Version                 ; 9.0 Build 184 04/29/2009 SP 1 SJ Web Edition ;
; Revision Name                      ; simple_cpu                                   ;
; Top-level Entity Name              ; simple_cpu                                   ;
; Family                             ; Cyclone II                                   ;
; Total logic elements               ; 221                                          ;
;     Total combinational functions  ; 206                                          ;
;     Dedicated logic registers      ; 43                                           ;
; Total registers                    ; 43                                           ;
; Total pins                         ; 52                                           ;
; Total virtual pins                 ; 0                                            ;
; Total memory bits                  ; 2,048                                        ;
; Embedded Multiplier 9-bit elements ; 0                                            ;
; Total PLLs                         ; 0                                            ;
+------------------------------------+----------------------------------------------+


+--------------------------------------------------------------------------------------------------------+
; Analysis & Synthesis Settings                                                                          ;
+--------------------------------------------------------------+--------------------+--------------------+
; Option                                                       ; Setting            ; Default Value      ;
+--------------------------------------------------------------+--------------------+--------------------+
; Device                                                       ; EP2C5T144C8        ;                    ;
; Top-level entity name                                        ; simple_cpu         ; simple_cpu         ;
; Family name                                                  ; Cyclone II         ; Stratix II         ;
; Use Generated Physical Constraints File                      ; Off                ;                    ;
; Use smart compilation                                        ; Off                ; Off                ;
; Restructure Multiplexers                                     ; Auto               ; Auto               ;
; Create Debugging Nodes for IP Cores                          ; Off                ; Off                ;
; Preserve fewer node names                                    ; On                 ; On                 ;
; Disable OpenCore Plus hardware evaluation                    ; Off                ; Off                ;
; Verilog Version                                              ; Verilog_2001       ; Verilog_2001       ;
; VHDL Version                                                 ; VHDL93             ; VHDL93             ;
; State Machine Processing                                     ; Auto               ; Auto               ;
; Safe State Machine                                           ; Off                ; Off                ;
; Extract Verilog State Machines                               ; On                 ; On                 ;
; Extract VHDL State Machines                                  ; On                 ; On                 ;
; Ignore Verilog initial constructs                            ; Off                ; Off                ;
; Iteration limit for constant Verilog loops                   ; 5000               ; 5000               ;
; Iteration limit for non-constant Verilog loops               ; 250                ; 250                ;
; Add Pass-Through Logic to Inferred RAMs                      ; On                 ; On                 ;
; Parallel Synthesis                                           ; Off                ; Off                ;
; DSP Block Balancing                                          ; Auto               ; Auto               ;
; NOT Gate Push-Back                                           ; On                 ; On                 ;
; Power-Up Don't Care                                          ; On                 ; On                 ;
; Remove Redundant Logic Cells                                 ; Off                ; Off                ;
; Remove Duplicate Registers                                   ; On                 ; On                 ;
; Ignore CARRY Buffers                                         ; Off                ; Off                ;
; Ignore CASCADE Buffers                                       ; Off                ; Off                ;
; Ignore GLOBAL Buffers                                        ; Off                ; Off                ;
; Ignore ROW GLOBAL Buffers                                    ; Off                ; Off                ;
; Ignore LCELL Buffers                                         ; Off                ; Off                ;
; Ignore SOFT Buffers                                          ; On                 ; On                 ;
; Limit AHDL Integers to 32 Bits                               ; Off                ; Off                ;
; Optimization Technique                                       ; Balanced           ; Balanced           ;
; Carry Chain Length                                           ; 70                 ; 70                 ;
; Auto Carry Chains                                            ; On                 ; On                 ;
; Auto Open-Drain Pins                                         ; On                 ; On                 ;
; Perform WYSIWYG Primitive Resynthesis                        ; Off                ; Off                ;
; Auto ROM Replacement                                         ; On                 ; On                 ;
; Auto RAM Replacement                                         ; On                 ; On                 ;
; Auto Shift Register Replacement                              ; Auto               ; Auto               ;
; Auto Clock Enable Replacement                                ; On                 ; On                 ;
; Strict RAM Replacement                                       ; Off                ; Off                ;
; Allow Synchronous Control Signals                            ; On                 ; On                 ;
; Force Use of Synchronous Clear Signals                       ; Off                ; Off                ;
; Auto RAM to Logic Cell Conversion                            ; Off                ; Off                ;
; Auto Resource Sharing                                        ; Off                ; Off                ;
; Allow Any RAM Size For Recognition                           ; Off                ; Off                ;
; Allow Any ROM Size For Recognition                           ; Off                ; Off                ;
; Allow Any Shift Register Size For Recognition                ; Off                ; Off                ;
; Use LogicLock Constraints during Resource Balancing          ; On                 ; On                 ;
; Ignore translate_off and synthesis_off directives            ; Off                ; Off                ;
; Timing-Driven Synthesis                                      ; Off                ; Off                ;
; Show Parameter Settings Tables in Synthesis Report           ; On                 ; On                 ;
; Ignore Maximum Fan-Out Assignments                           ; Off                ; Off                ;
; Synchronization Register Chain Length                        ; 2                  ; 2                  ;
; PowerPlay Power Optimization                                 ; Normal compilation ; Normal compilation ;
; HDL message level                                            ; Level2             ; Level2             ;
; Suppress Register Optimization Related Messages              ; Off                ; Off                ;
; Number of Removed Registers Reported in Synthesis Report     ; 100                ; 100                ;
; Number of Inverted Registers Reported in Synthesis Report    ; 100                ; 100                ;
; Clock MUX Protection                                         ; On                 ; On                 ;
; Auto Gated Clock Conversion                                  ; Off                ; Off                ;
; Block Design Naming                                          ; Auto               ; Auto               ;
; SDC constraint protection                                    ; Off                ; Off                ;
; Synthesis Effort                                             ; Auto               ; Auto               ;
; Shift Register Replacement - Allow Asynchronous Clear Signal ; On                 ; On                 ;
; Analysis & Synthesis Message Level                           ; Medium             ; Medium             ;
+--------------------------------------------------------------+--------------------+--------------------+


+------------------------------------------------------------------------------------------------------------------------------------------------------------+
; Analysis & Synthesis Source Files Read                                                                                                                     ;
+----------------------------------+-----------------+------------------------------------+------------------------------------------------------------------+
; File Name with User-Entered Path ; Used in Netlist ; File Type                          ; File Name with Absolute Path                                     ;
+----------------------------------+-----------------+------------------------------------+------------------------------------------------------------------+
; simple_cpu.bdf                   ; yes             ; User Block Diagram/Schematic File  ; E:/simple_cpu/simple_cpu.bdf                                     ;
; alu.v                            ; yes             ; Auto-Found Verilog HDL File        ; E:/simple_cpu/alu.v                                              ;
; con_signal.v                     ; yes             ; Auto-Found Verilog HDL File        ; E:/simple_cpu/con_signal.v                                       ;
; instruction_decode.v             ; yes             ; Auto-Found Verilog HDL File        ; E:/simple_cpu/instruction_decode.v                               ;
; sm.v                             ; yes             ; Auto-Found Verilog HDL File        ; E:/simple_cpu/sm.v                                               ;
; ir.v                             ; yes             ; Auto-Found Verilog HDL File        ; E:/simple_cpu/ir.v                                               ;
; shift.v                          ; yes             ; Auto-Found Verilog HDL File        ; E:/simple_cpu/shift.v                                            ;
; LPM_RAM_IO.tdf                   ; yes             ; Megafunction                       ; f:/quartus/quartus/libraries/megafunctions/LPM_RAM_IO.tdf        ;
; altram.inc                       ; yes             ; Megafunction                       ; f:/quartus/quartus/libraries/megafunctions/altram.inc            ;
; lpm_mux.inc                      ; yes             ; Megafunction                       ; f:/quartus/quartus/libraries/megafunctions/lpm_mux.inc           ;
; lpm_decode.inc                   ; yes             ; Megafunction                       ; f:/quartus/quartus/libraries/megafunctions/lpm_decode.inc        ;
; aglobal90.inc                    ; yes             ; Megafunction                       ; f:/quartus/quartus/libraries/megafunctions/aglobal90.inc         ;
; altram.tdf                       ; yes             ; Megafunction                       ; f:/quartus/quartus/libraries/megafunctions/altram.tdf            ;
; memmodes.inc                     ; yes             ; Megafunction                       ; f:/quartus/quartus/libraries/others/maxplus2/memmodes.inc        ;
; altsyncram.inc                   ; yes             ; Megafunction                       ; f:/quartus/quartus/libraries/megafunctions/altsyncram.inc        ;
; altqpram.inc                     ; yes             ; Megafunction                       ; f:/quartus/quartus/libraries/megafunctions/altqpram.inc          ;
; altsyncram.tdf                   ; yes             ; Megafunction                       ; f:/quartus/quartus/libraries/megafunctions/altsyncram.tdf        ;
; stratix_ram_block.inc            ; yes             ; Megafunction                       ; f:/quartus/quartus/libraries/megafunctions/stratix_ram_block.inc ;
; a_rdenreg.inc                    ; yes             ; Megafunction                       ; f:/quartus/quartus/libraries/megafunctions/a_rdenreg.inc         ;
; altrom.inc                       ; yes             ; Megafunction                       ; f:/quartus/quartus/libraries/megafunctions/altrom.inc            ;
; altdpram.inc                     ; yes             ; Megafunction                       ; f:/quartus/quartus/libraries/megafunctions/altdpram.inc          ;
; db/altsyncram_jf91.tdf           ; yes             ; Auto-Generated Megafunction        ; E:/simple_cpu/db/altsyncram_jf91.tdf                             ;
; mux3_1.v                         ; yes             ; Auto-Found Verilog HDL File        ; E:/simple_cpu/mux3_1.v                                           ;
; pc.v                             ; yes             ; Auto-Found Verilog HDL File        ; E:/simple_cpu/pc.v                                               ;
; reg_group.v                      ; yes             ; Auto-Found Verilog HDL File        ; E:/simple_cpu/reg_group.v                                        ;
; mux2_1.v                         ; yes             ; Auto-Found Verilog HDL File        ; E:/simple_cpu/mux2_1.v                                           ;
; psw.v                            ; yes             ; Auto-Found Verilog HDL File        ; E:/simple_cpu/psw.v                                              ;
+----------------------------------+-----------------+------------------------------------+------------------------------------------------------------------+


+-----------------------------------------------------+
; Analysis & Synthesis Resource Usage Summary         ;
+---------------------------------------------+-------+
; Resource                                    ; Usage ;
+---------------------------------------------+-------+
; Estimated Total logic elements              ; 221   ;
;                                             ;       ;
; Total combinational functions               ; 206   ;
; Logic element usage by number of LUT inputs ;       ;
;     -- 4 input functions                    ; 126   ;
;     -- 3 input functions                    ; 51    ;
;     -- <=2 input functions                  ; 29    ;
;                                             ;       ;
; Logic elements by mode                      ;       ;
;     -- normal mode                          ; 183   ;
;     -- arithmetic mode                      ; 23    ;
;                                             ;       ;
; Total registers                             ; 43    ;
;     -- Dedicated logic registers            ; 43    ;
;     -- I/O registers                        ; 0     ;
;                                             ;       ;
; I/O pins                                    ; 52    ;
; Total memory bits                           ; 2048  ;
; Maximum fan-out node                        ; CLK   ;
; Maximum fan-out                             ; 43    ;
; Total fan-out                               ; 989   ;
; Average fan-out                             ; 3.20  ;
+---------------------------------------------+-------+


+------------------------------------------------------------------------------------------------------------------------------------------------------------------------------------------------------------------------------------------------------------------------+
; Analysis & Synthesis Resource Utilization by Entity                                                                                                                                                                                                                    ;
+----------------------------------------------+-------------------+--------------+-------------+--------------+---------+-----------+------+--------------+----------------------------------------------------------------------------------------------+--------------+
; Compilation Hierarchy Node                   ; LC Combinationals ; LC Registers ; Memory Bits ; DSP Elements ; DSP 9x9 ; DSP 18x18 ; Pins ; Virtual Pins ; Full Hierarchy Name                                                                          ; Library Name ;
+----------------------------------------------+-------------------+--------------+-------------+--------------+---------+-----------+------+--------------+----------------------------------------------------------------------------------------------+--------------+
; |simple_cpu                                  ; 206 (22)          ; 43 (0)       ; 2048        ; 0            ; 0       ; 0         ; 52   ; 0            ; |simple_cpu                                                                                  ; work         ;
;    |alu:inst9|                               ; 84 (84)           ; 0 (0)        ; 0           ; 0            ; 0       ; 0         ; 0    ; 0            ; |simple_cpu|alu:inst9                                                                        ; work         ;
;    |con_signal:inst3|                        ; 14 (14)           ; 0 (0)        ; 0           ; 0            ; 0       ; 0         ; 0    ; 0            ; |simple_cpu|con_signal:inst3                                                                 ; work         ;
;    |instruction_decode:inst|                 ; 19 (19)           ; 0 (0)        ; 0           ; 0            ; 0       ; 0         ; 0    ; 0            ; |simple_cpu|instruction_decode:inst                                                          ; work         ;
;    |ir:inst4|                                ; 0 (0)             ; 8 (8)        ; 0           ; 0            ; 0       ; 0         ; 0    ; 0            ; |simple_cpu|ir:inst4                                                                         ; work         ;
;    |lpm_ram_io:inst2|                        ; 1 (1)             ; 0 (0)        ; 2048        ; 0            ; 0       ; 0         ; 0    ; 0            ; |simple_cpu|lpm_ram_io:inst2                                                                 ; work         ;
;       |altram:sram|                          ; 0 (0)             ; 0 (0)        ; 2048        ; 0            ; 0       ; 0         ; 0    ; 0            ; |simple_cpu|lpm_ram_io:inst2|altram:sram                                                     ; work         ;
;          |altsyncram:ram_block|              ; 0 (0)             ; 0 (0)        ; 2048        ; 0            ; 0       ; 0         ; 0    ; 0            ; |simple_cpu|lpm_ram_io:inst2|altram:sram|altsyncram:ram_block                                ; work         ;
;             |altsyncram_jf91:auto_generated| ; 0 (0)             ; 0 (0)        ; 2048        ; 0            ; 0       ; 0         ; 0    ; 0            ; |simple_cpu|lpm_ram_io:inst2|altram:sram|altsyncram:ram_block|altsyncram_jf91:auto_generated ; work         ;
;    |mux2_1:inst14|                           ; 8 (8)             ; 0 (0)        ; 0           ; 0            ; 0       ; 0         ; 0    ; 0            ; |simple_cpu|mux2_1:inst14                                                                    ; work         ;
;    |mux3_1:inst11|                           ; 8 (8)             ; 0 (0)        ; 0           ; 0            ; 0       ; 0         ; 0    ; 0            ; |simple_cpu|mux3_1:inst11                                                                    ; work         ;
;    |pc:inst13|                               ; 10 (10)           ; 8 (8)        ; 0           ; 0            ; 0       ; 0         ; 0    ; 0            ; |simple_cpu|pc:inst13                                                                        ; work         ;
;    |psw:inst6|                               ; 2 (2)             ; 2 (2)        ; 0           ; 0            ; 0       ; 0         ; 0    ; 0            ; |simple_cpu|psw:inst6                                                                        ; work         ;
;    |reg_group:inst17|                        ; 37 (37)           ; 24 (24)      ; 0           ; 0            ; 0       ; 0         ; 0    ; 0            ; |simple_cpu|reg_group:inst17                                                                 ; work         ;
;    |sm:inst5|                                ; 1 (1)             ; 1 (1)        ; 0           ; 0            ; 0       ; 0         ; 0    ; 0            ; |simple_cpu|sm:inst5                                                                         ; work         ;
+----------------------------------------------+-------------------+--------------+-------------+--------------+---------+-----------+------+--------------+----------------------------------------------------------------------------------------------+--------------+
Note: For table entries with two numbers listed, the numbers in parentheses indicate the number of resources of the given type used by the specific entity alone. The numbers listed outside of parentheses indicate the total resources of the given type used by the specific entity and all of its sub-entities in the hierarchy.


+-------------------------------------------------------------------------------------------------------------------------------------------------------------------------------------------------+
; Analysis & Synthesis RAM Summary                                                                                                                                                                ;
+---------------------------------------------------------------------------------------------+------+-------------+--------------+--------------+--------------+--------------+------+-----------+
; Name                                                                                        ; Type ; Mode        ; Port A Depth ; Port A Width ; Port B Depth ; Port B Width ; Size ; MIF       ;
+---------------------------------------------------------------------------------------------+------+-------------+--------------+--------------+--------------+--------------+------+-----------+
; lpm_ram_io:inst2|altram:sram|altsyncram:ram_block|altsyncram_jf91:auto_generated|ALTSYNCRAM ; AUTO ; Single Port ; 256          ; 8            ; --           ; --           ; 2048 ; ./RAM.mif ;
+---------------------------------------------------------------------------------------------+------+-------------+--------------+--------------+--------------+--------------+------+-----------+


+------------------------------------------------------+
; General Register Statistics                          ;
+----------------------------------------------+-------+
; Statistic                                    ; Value ;
+----------------------------------------------+-------+
; Total registers                              ; 43    ;
; Number of registers using Synchronous Clear  ; 0     ;
; Number of registers using Synchronous Load   ; 8     ;
; Number of registers using Asynchronous Clear ; 0     ;
; Number of registers using Asynchronous Load  ; 0     ;
; Number of registers using Clock Enable       ; 40    ;
; Number of registers using Preset             ; 0     ;
+----------------------------------------------+-------+


+--------------------------------------------------+
; Inverted Register Statistics                     ;
+----------------------------------------+---------+
; Inverted Register                      ; Fan out ;
+----------------------------------------+---------+
; reg_group:inst17|c[7]                  ; 3       ;
; Total number of inverted registers = 1 ;         ;
+----------------------------------------+---------+


+--------------------------------------------------------------------------------------------------------------------------------------------------------+
; Multiplexer Restructuring Statistics (Restructuring Performed)                                                                                         ;
+--------------------+-----------+---------------+----------------------+------------------------+------------+------------------------------------------+
; Multiplexer Inputs ; Bus Width ; Baseline Area ; Area if Restructured ; Saving if Restructured ; Registered ; Example Multiplexer Output               ;
+--------------------+-----------+---------------+----------------------+------------------------+------------+------------------------------------------+
; 3:1                ; 8 bits    ; 16 LEs        ; 8 LEs                ; 8 LEs                  ; Yes        ; |simple_cpu|pc:inst13|add[7]             ;
; 4:1                ; 8 bits    ; 16 LEs        ; 16 LEs               ; 0 LEs                  ; No         ; |simple_cpu|reg_group:inst17|s[3]        ;
; 4:1                ; 8 bits    ; 16 LEs        ; 16 LEs               ; 0 LEs                  ; No         ; |simple_cpu|reg_group:inst17|d[3]        ;
; 4:1                ; 2 bits    ; 4 LEs         ; 2 LEs                ; 2 LEs                  ; No         ; |simple_cpu|instruction_decode:inst|mova ;
; 4:1                ; 8 bits    ; 16 LEs        ; 16 LEs               ; 0 LEs                  ; No         ; |simple_cpu|gdfx_temp0[6]                ;
; 3:1                ; 8 bits    ; 16 LEs        ; 16 LEs               ; 0 LEs                  ; No         ; |simple_cpu|mux3_1:inst11|y[4]           ;
; 18:1               ; 2 bits    ; 24 LEs        ; 6 LEs                ; 18 LEs                 ; No         ; |simple_cpu|alu:inst9|zf                 ;
; 18:1               ; 7 bits    ; 84 LEs        ; 42 LEs               ; 42 LEs                 ; No         ; |simple_cpu|alu:inst9|t[3]               ;
+--------------------+-----------+---------------+----------------------+------------------------+------------+------------------------------------------+


+---------------------------------------------------------------------------------------------------------+
; Source assignments for LPM_RAM_IO:inst2|altram:sram|altsyncram:ram_block|altsyncram_jf91:auto_generated ;
+---------------------------------+--------------------+------+-------------------------------------------+
; Assignment                      ; Value              ; From ; To                                        ;
+---------------------------------+--------------------+------+-------------------------------------------+
; OPTIMIZE_POWER_DURING_SYNTHESIS ; NORMAL_COMPILATION ; -    ; -                                         ;
+---------------------------------+--------------------+------+-------------------------------------------+


+---------------------------------------------------------------+
; Parameter Settings for User Entity Instance: LPM_RAM_IO:inst2 ;
+------------------------+--------------+-----------------------+
; Parameter Name         ; Value        ; Type                  ;
+------------------------+--------------+-----------------------+
; LPM_WIDTH              ; 8            ; Signed Integer        ;
; LPM_WIDTHAD            ; 8            ; Signed Integer        ;
; LPM_NUMWORDS           ; 256          ; Signed Integer        ;
; LPM_INDATA             ; REGISTERED   ; Untyped               ;
; LPM_ADDRESS_CONTROL    ; REGISTERED   ; Untyped               ;
; LPM_OUTDATA            ; UNREGISTERED ; Untyped               ;
; LPM_FILE               ; ./RAM.mif    ; Untyped               ;
; USE_EAB                ; ON           ; Untyped               ;
; DEVICE_FAMILY          ; Cyclone II   ; Untyped               ;
; AUTO_CARRY_CHAINS      ; ON           ; AUTO_CARRY            ;
; IGNORE_CARRY_BUFFERS   ; OFF          ; IGNORE_CARRY          ;
; AUTO_CASCADE_CHAINS    ; ON           ; AUTO_CASCADE          ;
; IGNORE_CASCADE_BUFFERS ; OFF          ; IGNORE_CASCADE        ;
+------------------------+--------------+-----------------------+
Note: In order to hide this table in the UI and the text report file, please set the "Show Parameter Settings Tables in Synthesis Report" option in "Analysis and Synthesis Settings -> More Settings" to "Off".


+-------------------------------+
; Analysis & Synthesis Messages ;
+-------------------------------+
Info: *******************************************************************
Info: Running Quartus II Analysis & Synthesis
    Info: Version 9.0 Build 184 04/29/2009 Service Pack 1 SJ Web Edition
    Info: Processing started: Wed Dec 29 12:41:32 2021
Info: Command: quartus_map --read_settings_files=on --write_settings_files=off simple_cpu -c simple_cpu
Info: Found 1 design units, including 1 entities, in source file simple_cpu.bdf
    Info: Found entity 1: simple_cpu
Info: Elaborating entity "simple_cpu" for the top level hierarchy
Warning: Using design file alu.v, which is not specified as a design file for the current project, but contains definitions for 1 design units and 1 entities in project
    Info: Found entity 1: alu
Info: Elaborating entity "alu" for hierarchy "alu:inst9"
Warning: Using design file con_signal.v, which is not specified as a design file for the current project, but contains definitions for 1 design units and 1 entities in project
    Info: Found entity 1: con_signal
Info: Elaborating entity "con_signal" for hierarchy "con_signal:inst3"
Warning (10235): Verilog HDL Always Construct warning at con_signal.v(11): variable "ir" is read inside the Always Construct but isn't in the Always Construct's Event Control
Warning (10235): Verilog HDL Always Construct warning at con_signal.v(12): variable "ir" is read inside the Always Construct but isn't in the Always Construct's Event Control
Warning (10235): Verilog HDL Always Construct warning at con_signal.v(13): variable "ir" is read inside the Always Construct but isn't in the Always Construct's Event Control
Warning: Using design file instruction_decode.v, which is not specified as a design file for the current project, but contains definitions for 1 design units and 1 entities in project
    Info: Found entity 1: instruction_decode
Info: Elaborating entity "instruction_decode" for hierarchy "instruction_decode:inst"
Warning (10235): Verilog HDL Always Construct warning at instruction_decode.v(8): variable "en" is read inside the Always Construct but isn't in the Always Construct's Event Control
Warning: Using design file sm.v, which is not specified as a design file for the current project, but contains definitions for 1 design units and 1 entities in project
    Info: Found entity 1: sm
Info: Elaborating entity "sm" for hierarchy "sm:inst5"
Warning: Using design file ir.v, which is not specified as a design file for the current project, but contains definitions for 1 design units and 1 entities in project
    Info: Found entity 1: ir
Info: Elaborating entity "ir" for hierarchy "ir:inst4"
Warning: Using design file shift.v, which is not specified as a design file for the current project, but contains definitions for 1 design units and 1 entities in project
    Info: Found entity 1: shift
Info: Elaborating entity "shift" for hierarchy "shift:inst7"
Warning (10235): Verilog HDL Always Construct warning at shift.v(11): variable "a" is read inside the Always Construct but isn't in the Always Construct's Event Control
Warning (10235): Verilog HDL Always Construct warning at shift.v(15): variable "a" is read inside the Always Construct but isn't in the Always Construct's Event Control
Warning (10235): Verilog HDL Always Construct warning at shift.v(16): variable "a" is read inside the Always Construct but isn't in the Always Construct's Event Control
Warning (10235): Verilog HDL Always Construct warning at shift.v(17): variable "a" is read inside the Always Construct but isn't in the Always Construct's Event Control
Warning (10235): Verilog HDL Always Construct warning at shift.v(20): variable "a" is read inside the Always Construct but isn't in the Always Construct's Event Control
Warning (10235): Verilog HDL Always Construct warning at shift.v(21): variable "a" is read inside the Always Construct but isn't in the Always Construct's Event Control
Warning (10235): Verilog HDL Always Construct warning at shift.v(22): variable "a" is read inside the Always Construct but isn't in the Always Construct's Event Control
Info: Elaborating entity "LPM_RAM_IO" for hierarchy "LPM_RAM_IO:inst2"
Info: Elaborated megafunction instantiation "LPM_RAM_IO:inst2"
Info: Instantiated megafunction "LPM_RAM_IO:inst2" with the following parameter:
    Info: Parameter "LPM_ADDRESS_CONTROL" = "REGISTERED"
    Info: Parameter "LPM_FILE" = "./RAM.mif"
    Info: Parameter "LPM_INDATA" = "REGISTERED"
    Info: Parameter "LPM_NUMWORDS" = "256"
    Info: Parameter "LPM_OUTDATA" = "UNREGISTERED"
    Info: Parameter "LPM_WIDTH" = "8"
    Info: Parameter "LPM_WIDTHAD" = "8"
Info: Elaborating entity "altram" for hierarchy "LPM_RAM_IO:inst2|altram:sram"
Warning: Assertion warning: altram does not support Cyclone II device family -- attempting best-case memory conversions, but power-up states and read during write behavior will be different for Cyclone II devices
Info: Elaborated megafunction instantiation "LPM_RAM_IO:inst2|altram:sram", which is child of megafunction instantiation "LPM_RAM_IO:inst2"
Info: Elaborating entity "altsyncram" for hierarchy "LPM_RAM_IO:inst2|altram:sram|altsyncram:ram_block"
Info: Elaborated megafunction instantiation "LPM_RAM_IO:inst2|altram:sram|altsyncram:ram_block", which is child of megafunction instantiation "LPM_RAM_IO:inst2"
Info: Found 1 design units, including 1 entities, in source file db/altsyncram_jf91.tdf
    Info: Found entity 1: altsyncram_jf91
Info: Elaborating entity "altsyncram_jf91" for hierarchy "LPM_RAM_IO:inst2|altram:sram|altsyncram:ram_block|altsyncram_jf91:auto_generated"
Warning: Using design file mux3_1.v, which is not specified as a design file for the current project, but contains definitions for 1 design units and 1 entities in project
    Info: Found entity 1: mux3_1
Info: Elaborating entity "mux3_1" for hierarchy "mux3_1:inst11"
Warning (10235): Verilog HDL Always Construct warning at mux3_1.v(9): variable "a" is read inside the Always Construct but isn't in the Always Construct's Event Control
Warning (10235): Verilog HDL Always Construct warning at mux3_1.v(12): variable "b" is read inside the Always Construct but isn't in the Always Construct's Event Control
Warning (10235): Verilog HDL Always Construct warning at mux3_1.v(15): variable "c" is read inside the Always Construct but isn't in the Always Construct's Event Control
Warning: Using design file pc.v, which is not specified as a design file for the current project, but contains definitions for 1 design units and 1 entities in project
    Info: Found entity 1: pc
Info: Elaborating entity "pc" for hierarchy "pc:inst13"
Warning: Using design file reg_group.v, which is not specified as a design file for the current project, but contains definitions for 1 design units and 1 entities in project
    Info: Found entity 1: reg_group
Info: Elaborating entity "reg_group" for hierarchy "reg_group:inst17"
Warning: Using design file mux2_1.v, which is not specified as a design file for the current project, but contains definitions for 1 design units and 1 entities in project
    Info: Found entity 1: mux2_1
Info: Elaborating entity "mux2_1" for hierarchy "mux2_1:inst14"
Warning: Using design file psw.v, which is not specified as a design file for the current project, but contains definitions for 1 design units and 1 entities in project
    Info: Found entity 1: psw
Info: Elaborating entity "psw" for hierarchy "psw:inst6"
Warning: Tri-state node(s) do not directly drive top-level pin(s)
    Warning: Converted tri-state node "gdfx_temp0[7]" into a selector
    Warning: Converted tri-state node "gdfx_temp0[6]" into a selector
    Warning: Converted tri-state node "gdfx_temp0[5]" into a selector
    Warning: Converted tri-state node "gdfx_temp0[4]" into a selector
    Warning: Converted tri-state node "gdfx_temp0[3]" into a selector
    Warning: Converted tri-state node "gdfx_temp0[2]" into a selector
    Warning: Converted tri-state node "gdfx_temp0[1]" into a selector
    Warning: Converted tri-state node "gdfx_temp0[0]" into a selector
Info: Implemented 297 device resources after synthesis - the final resource count might be different
    Info: Implemented 10 input pins
    Info: Implemented 42 output pins
    Info: Implemented 237 logic cells
    Info: Implemented 8 RAM segments
Info: Quartus II Analysis & Synthesis was successful. 0 errors, 35 warnings
    Info: Peak virtual memory: 234 megabytes
    Info: Processing ended: Wed Dec 29 12:41:34 2021
    Info: Elapsed time: 00:00:02
    Info: Total CPU time (on all processors): 00:00:02


